0 info it worked if it ends with ok
1 verbose cli [ '/home/rspazzol/.linuxbrew/Cellar/node/6.4.0/bin/node',
1 verbose cli   '/home/rspazzol/.linuxbrew/bin/npm',
1 verbose cli   'run',
1 verbose cli   'integration-test' ]
2 info using npm@3.10.3
3 info using node@v6.4.0
4 verbose run-script [ 'preintegration-test',
4 verbose run-script   'integration-test',
4 verbose run-script   'postintegration-test' ]
5 info lifecycle @~preintegration-test: @
6 silly lifecycle @~preintegration-test: no script for preintegration-test, continuing
7 info lifecycle @~integration-test: @
8 verbose lifecycle @~integration-test: unsafe-perm in lifecycle true
9 verbose lifecycle @~integration-test: PATH: /home/rspazzol/.linuxbrew/lib/node_modules/npm/bin/node-gyp-bin:/home/rspazzol/git/todomvc/examples/angularjs/node_modules/.bin:/home/rspazzol/.linuxbrew/Cellar/node/6.4.0/bin:/home/rspazzol/redhat/devel/exam/google-cloud-sdk/bin:/home/rspazzol/.linuxbrew/bin:/home/rspazzol/redhat/devel/exam/google-cloud-sdk/bin:/home/rspazzol/.linuxbrew/bin:/usr/lib64/qt-3.3/bin:/usr/share/Modules/bin:/usr/local/bin:/usr/local/sbin:/usr/bin:/usr/sbin:/usr/local/go/bin:/home/rspazzol/go/bin:/home/rspazzol/.local/bin:/home/rspazzol/bin:/usr/local/go/bin:/home/rspazzol/go/bin
10 verbose lifecycle @~integration-test: CWD: /home/rspazzol/git/todomvc/examples/angularjs
11 silly lifecycle @~integration-test: Args: [ '-c',
11 silly lifecycle   'node ./node_modules/protractor/bin/protractor ./integration-tests/protractor-conf.js' ]
12 silly lifecycle @~integration-test: Returned: code: 100  signal: null
13 info lifecycle @~integration-test: Failed to exec integration-test script
14 verbose stack Error: @ integration-test: `node ./node_modules/protractor/bin/protractor ./integration-tests/protractor-conf.js`
14 verbose stack Exit status 100
14 verbose stack     at EventEmitter.<anonymous> (/home/rspazzol/.linuxbrew/lib/node_modules/npm/lib/utils/lifecycle.js:242:16)
14 verbose stack     at emitTwo (events.js:106:13)
14 verbose stack     at EventEmitter.emit (events.js:191:7)
14 verbose stack     at ChildProcess.<anonymous> (/home/rspazzol/.linuxbrew/lib/node_modules/npm/lib/utils/spawn.js:40:14)
14 verbose stack     at emitTwo (events.js:106:13)
14 verbose stack     at ChildProcess.emit (events.js:191:7)
14 verbose stack     at maybeClose (internal/child_process.js:852:16)
14 verbose stack     at Process.ChildProcess._handle.onexit (internal/child_process.js:215:5)
15 verbose pkgid @
16 verbose cwd /home/rspazzol/git/todomvc/examples/angularjs
17 error Linux 4.16.11-300.fc28.x86_64
18 error argv "/home/rspazzol/.linuxbrew/Cellar/node/6.4.0/bin/node" "/home/rspazzol/.linuxbrew/bin/npm" "run" "integration-test"
19 error node v6.4.0
20 error npm  v3.10.3
21 error code ELIFECYCLE
22 error @ integration-test: `node ./node_modules/protractor/bin/protractor ./integration-tests/protractor-conf.js`
22 error Exit status 100
23 error Failed at the @ integration-test script 'node ./node_modules/protractor/bin/protractor ./integration-tests/protractor-conf.js'.
23 error Make sure you have the latest version of node.js and npm installed.
23 error If you do, this is most likely a problem with the  package,
23 error not with npm itself.
23 error Tell the author that this fails on your system:
23 error     node ./node_modules/protractor/bin/protractor ./integration-tests/protractor-conf.js
23 error You can get information on how to open an issue for this project with:
23 error     npm bugs
23 error Or if that isn't available, you can get their info via:
23 error     npm owner ls
23 error There is likely additional logging output above.
24 verbose exit [ 1, true ]
